<?xml version="1.0" encoding="UTF-8"?>
<!-- Generated by org.testng.reporters.JUnitXMLReporter -->
<testsuite ignored="1" hostname="DESKTOP-AI0QSET" failures="0" tests="1" name="Default test" time="21.265" errors="0" timestamp="2024-11-04T17:34:21 IST">
  <testcase classname="com.crm.comcast.orgtest.CreateOrgTest" name="createOrgTest" time="9.902"/>
  <testcase classname="com.crm.comcast.orgtest.CreateOrgTest" name="createContactWithPhoneNumber" time="0.0">
    <ignored/>
  </testcase> <!-- createContactWithPhoneNumber -->
</testsuite> <!-- Default test -->
