<?xml version="1.0" encoding="UTF-8"?>
<!-- Generated by org.testng.reporters.JUnitXMLReporter -->
<testsuite ignored="2" hostname="DESKTOP-AI0QSET" failures="0" tests="1" name="Default test" time="16.267" errors="0" timestamp="2024-11-06T11:17:27 IST">
  <testcase classname="com.crm.comcast.contacttest.CreateContactTest" name="createContact" time="8.728"/>
  <testcase classname="com.crm.comcast.contacttest.CreateContactTest" name="createContactWithsupportDate" time="0.0">
    <ignored/>
  </testcase> <!-- createContactWithsupportDate -->
  <testcase classname="com.crm.comcast.contacttest.CreateContactTest" name="createContactWithOrgTest" time="0.0">
    <ignored/>
  </testcase> <!-- createContactWithOrgTest -->
</testsuite> <!-- Default test -->
