<?xml version="1.0" encoding="UTF-8"?>
<!-- Generated by org.testng.reporters.JUnitXMLReporter -->
<testsuite ignored="2" hostname="DESKTOP-AI0QSET" failures="0" tests="5" name="TestRunner-Firefox" time="118.76" errors="0" timestamp="2024-10-26T13:38:55 IST">
  <testcase classname="com.crm.comcast.contacttest.CreateContactTest" name="createContact" time="11.115"/>
  <testcase classname="com.crm.comcast.contacttest.CreateContactTest" name="createContactWithOrgTest" time="23.983"/>
  <testcase classname="com.crm.comcast.contacttest.CreateContactTest" name="createContactWithsupportDate" time="14.656"/>
  <testcase classname="com.crm.comcast.orgtest.CreateOrgTest" name="createContactWithPhoneNumber" time="11.953"/>
  <testcase classname="com.crm.comcast.orgtest.CreateOrgTest" name="createOrgTest" time="12.434"/>
  <testcase classname="com.comcast.crm.basetest.BaseClass" name="@BeforeSuite configBS" time="0.0">
    <ignored/>
  </testcase> <!-- @BeforeSuite configBS -->
  <testcase classname="com.comcast.crm.basetest.BaseClass" name="@AfterSuite configAS" time="0.0">
    <ignored/>
  </testcase> <!-- @AfterSuite configAS -->
</testsuite> <!-- TestRunner-Firefox -->
