<?xml version="1.0" encoding="UTF-8"?>
<!-- Generated by org.testng.reporters.JUnitXMLReporter -->
<testsuite ignored="2" hostname="DESKTOP-AI0QSET" failures="0" tests="5" name="TestRunner-Chrome" time="112.804" errors="0" timestamp="2024-10-26T13:38:49 IST">
  <testcase classname="com.crm.comcast.contacttest.CreateContactTest" name="createContact" time="11.932"/>
  <testcase classname="com.crm.comcast.contacttest.CreateContactTest" name="createContactWithOrgTest" time="24.081"/>
  <testcase classname="com.crm.comcast.contacttest.CreateContactTest" name="createContactWithsupportDate" time="14.818"/>
  <testcase classname="com.crm.comcast.orgtest.CreateOrgTest" name="createContactWithPhoneNumber" time="10.374"/>
  <testcase classname="com.crm.comcast.orgtest.CreateOrgTest" name="createOrgTest" time="12.116"/>
  <testcase classname="com.comcast.crm.basetest.BaseClass" name="@BeforeSuite configBS" time="0.0">
    <ignored/>
  </testcase> <!-- @BeforeSuite configBS -->
  <testcase classname="com.comcast.crm.basetest.BaseClass" name="@AfterSuite configAS" time="0.0">
    <ignored/>
  </testcase> <!-- @AfterSuite configAS -->
</testsuite> <!-- TestRunner-Chrome -->
