<?xml version="1.0" encoding="UTF-8"?>
<!-- Generated by org.testng.reporters.JUnitXMLReporter -->
<testsuite ignored="1" hostname="DESKTOP-AI0QSET" failures="0" tests="1" name="Test" time="15.814" errors="0" timestamp="2024-11-04T12:56:02 IST">
  <testcase classname="com.crm.comcast.orgtest.CreateOrgTest" name="createOrgTest" time="8.825"/>
  <testcase classname="com.crm.comcast.orgtest.CreateOrgTest" name="createContactWithPhoneNumber" time="0.0">
    <ignored/>
  </testcase> <!-- createContactWithPhoneNumber -->
</testsuite> <!-- Test -->
